<?xml version="1.0" encoding="UTF-8"?>
<testng-results skipped="0" failed="0" ignored="0" total="1" passed="1">
  <reporter-output>
  </reporter-output>
  <suite name="Suite" duration-ms="32708" started-at="2024-01-24T06:58:59Z" finished-at="2024-01-24T06:59:32Z">
    <groups>
      <group name="cucumber">
        <method signature="AbstractTestNGCucumberTests.runScenario(io.cucumber.testng.PickleWrapper, io.cucumber.testng.FeatureWrapper)[pri:0, instance:runner.RunTest@4fe767f3]" name="runScenario" class="io.cucumber.testng.AbstractTestNGCucumberTests"/>
      </group> <!-- cucumber -->
    </groups>
    <test name="Test" duration-ms="32708" started-at="2024-01-24T06:58:59Z" finished-at="2024-01-24T06:59:32Z">
      <class name="runner.RunTest">
        <test-method status="PASS" signature="setUpClass()[pri:0, instance:runner.RunTest@4fe767f3]" name="setUpClass" is-config="true" duration-ms="428" started-at="2024-01-24T06:58:59Z" finished-at="2024-01-24T06:58:59Z">
          <reporter-output>
          </reporter-output>
        </test-method> <!-- setUpClass -->
        <test-method status="PASS" signature="runScenario(io.cucumber.testng.PickleWrapper, io.cucumber.testng.FeatureWrapper)[pri:0, instance:runner.RunTest@4fe767f3]" name="runScenario" duration-ms="31980" started-at="2024-01-24T06:58:59Z" description="Runs Cucumber Scenarios" data-provider="scenarios" finished-at="2024-01-24T06:59:31Z">
          <params>
            <param index="0">
              <value>
                <![CDATA["Login functionality with valid username and valid password"]]>
              </value>
            </param>
            <param index="1">
              <value>
                <![CDATA["Login functionality"]]>
              </value>
            </param>
          </params>
          <reporter-output>
          </reporter-output>
        </test-method> <!-- runScenario -->
        <test-method status="PASS" signature="tearDownClass()[pri:0, instance:runner.RunTest@4fe767f3]" name="tearDownClass" is-config="true" duration-ms="7" started-at="2024-01-24T06:59:32Z" finished-at="2024-01-24T06:59:32Z">
          <reporter-output>
          </reporter-output>
        </test-method> <!-- tearDownClass -->
      </class> <!-- runner.RunTest -->
    </test> <!-- Test -->
  </suite> <!-- Suite -->
</testng-results>
